# JRE version: OpenJDK Runtime Environment (8.0_332-b09) (build 1.8.0_332-b09)
# Java VM: OpenJDK 64-Bit Server VM (25.332-b09 mixed mode windows-amd64 compressed oops)
Heap:
 PSYoungGen      total 1312256K, used 268993K [0x000000076b000000, 0x00000007c0000000, 0x00000007c0000000)
  eden space 1236992K, 17% used [0x000000076b000000,0x0000000778261020,0x00000007b6800000)
  from space 75264K, 71% used [0x00000007bb680000,0x00000007beacf598,0x00000007c0000000)
  to   space 77824K, 0% used [0x00000007b6800000,0x00000007b6800000,0x00000007bb400000)
 ParOldGen       total 548352K, used 322564K [0x00000006c1000000, 0x00000006e2780000, 0x000000076b000000)
  object space 548352K, 58% used [0x00000006c1000000,0x00000006d4b01140,0x00000006e2780000)
 Metaspace       used 100797K, capacity 114628K, committed 114816K, reserved 1146880K
  class space    used 14448K, capacity 17701K, committed 17792K, reserved 1048576K
GC Heap History (10 events):
Event: 37.489 GC heap before
{Heap before GC invocations=68 (full 4):
 PSYoungGen      total 1338880K, used 25565K [0x000000076b000000, 0x00000007c0000000, 0x00000007c0000000)
  eden space 1286144K, 0% used [0x000000076b000000,0x000000076b000000,0x00000007b9800000)
  from space 52736K, 48% used [0x00000007bc900000,0x00000007be1f74c0,0x00000007bfc80000)
  to   space 50176K, 0% used [0x00000007b9800000,0x00000007b9800000,0x00000007bc900000)
 ParOldGen       total 324608K, used 291016K [0x00000006c1000000, 0x00000006d4d00000, 0x000000076b000000)
  object space 324608K, 89% used [0x00000006c1000000,0x00000006d2c32388,0x00000006d4d00000)
 Metaspace       used 87208K, capacity 98232K, committed 98380K, reserved 1132544K
  class space    used 12764K, capacity 15531K, committed 15616K, reserved 1048576K
Event: 37.942 GC heap after
Heap after GC invocations=68 (full 4):
 PSYoungGen      total 1338880K, used 0K [0x000000076b000000, 0x00000007c0000000, 0x00000007c0000000)
  eden space 1286144K, 0% used [0x000000076b000000,0x000000076b000000,0x00000007b9800000)
  from space 52736K, 0% used [0x00000007bc900000,0x00000007bc900000,0x00000007bfc80000)
  to   space 50176K, 0% used [0x00000007b9800000,0x00000007b9800000,0x00000007bc900000)
 ParOldGen       total 548352K, used 297332K [0x00000006c1000000, 0x00000006e2780000, 0x000000076b000000)
  object space 548352K, 54% used [0x00000006c1000000,0x00000006d325d1e8,0x00000006e2780000)
 Metaspace       used 87203K, capacity 98222K, committed 98380K, reserved 1132544K
  class space    used 12762K, capacity 15528K, committed 15616K, reserved 1048576K
}
Event: 45.773 GC heap before
{Heap before GC invocations=69 (full 4):
 PSYoungGen      total 1338880K, used 1286144K [0x000000076b000000, 0x00000007c0000000, 0x00000007c0000000)
  eden space 1286144K, 100% used [0x000000076b000000,0x00000007b9800000,0x00000007b9800000)
  from space 52736K, 0% used [0x00000007bc900000,0x00000007bc900000,0x00000007bfc80000)
  to   space 50176K, 0% used [0x00000007b9800000,0x00000007b9800000,0x00000007bc900000)
 ParOldGen       total 548352K, used 297332K [0x00000006c1000000, 0x00000006e2780000, 0x000000076b000000)
  object space 548352K, 54% used [0x00000006c1000000,0x00000006d325d1e8,0x00000006e2780000)
 Metaspace       used 99872K, capacity 113592K, committed 113920K, reserved 1144832K
  class space    used 14379K, capacity 17579K, committed 17664K, reserved 1048576K
Event: 45.796 GC heap after
Heap after GC invocations=69 (full 4):
 PSYoungGen      total 1336320K, used 50160K [0x000000076b000000, 0x00000007c0000000, 0x00000007c0000000)
  eden space 1286144K, 0% used [0x000000076b000000,0x000000076b000000,0x00000007b9800000)
  from space 50176K, 99% used [0x00000007b9800000,0x00000007bc8fc140,0x00000007bc900000)
  to   space 56320K, 0% used [0x00000007bc900000,0x00000007bc900000,0x00000007c0000000)
 ParOldGen       total 548352K, used 322540K [0x00000006c1000000, 0x00000006e2780000, 0x000000076b000000)
  object space 548352K, 58% used [0x00000006c1000000,0x00000006d4afb140,0x00000006e2780000)
 Metaspace       used 99872K, capacity 113592K, committed 113920K, reserved 1144832K
  class space    used 14379K, capacity 17579K, committed 17664K, reserved 1048576K
}
Event: 53.669 GC heap before
{Heap before GC invocations=70 (full 4):
 PSYoungGen      total 1336320K, used 1336304K [0x000000076b000000, 0x00000007c0000000, 0x00000007c0000000)
  eden space 1286144K, 100% used [0x000000076b000000,0x00000007b9800000,0x00000007b9800000)
  from space 50176K, 99% used [0x00000007b9800000,0x00000007bc8fc140,0x00000007bc900000)
  to   space 56320K, 0% used [0x00000007bc900000,0x00000007bc900000,0x00000007c0000000)
 ParOldGen       total 548352K, used 322540K [0x00000006c1000000, 0x00000006e2780000, 0x000000076b000000)
  object space 548352K, 58% used [0x00000006c1000000,0x00000006d4afb140,0x00000006e2780000)
 Metaspace       used 100553K, capacity 114400K, committed 114560K, reserved 1146880K
  class space    used 14441K, capacity 17691K, committed 17792K, reserved 1048576K
Event: 53.687 GC heap after
Heap after GC invocations=70 (full 4):
 PSYoungGen      total 1306624K, used 53856K [0x000000076b000000, 0x00000007c0000000, 0x00000007c0000000)
  eden space 1250304K, 0% used [0x000000076b000000,0x000000076b000000,0x00000007b7500000)
  from space 56320K, 95% used [0x00000007bc900000,0x00000007bfd980c8,0x00000007c0000000)
  to   space 71168K, 0% used [0x00000007b7500000,0x00000007b7500000,0x00000007bba80000)
 ParOldGen       total 548352K, used 322548K [0x00000006c1000000, 0x00000006e2780000, 0x000000076b000000)
  object space 548352K, 58% used [0x00000006c1000000,0x00000006d4afd140,0x00000006e2780000)
 Metaspace       used 100553K, capacity 114400K, committed 114560K, reserved 1146880K
  class space    used 14441K, capacity 17691K, committed 17792K, reserved 1048576K
}
Event: 61.093 GC heap before
{Heap before GC invocations=71 (full 4):
 PSYoungGen      total 1306624K, used 1304160K [0x000000076b000000, 0x00000007c0000000, 0x00000007c0000000)
  eden space 1250304K, 100% used [0x000000076b000000,0x00000007b7500000,0x00000007b7500000)
  from space 56320K, 95% used [0x00000007bc900000,0x00000007bfd980c8,0x00000007c0000000)
  to   space 71168K, 0% used [0x00000007b7500000,0x00000007b7500000,0x00000007bba80000)
 ParOldGen       total 548352K, used 322548K [0x00000006c1000000, 0x00000006e2780000, 0x000000076b000000)
  object space 548352K, 58% used [0x00000006c1000000,0x00000006d4afd140,0x00000006e2780000)
 Metaspace       used 100643K, capacity 114464K, committed 114816K, reserved 1146880K
  class space    used 14442K, capacity 17691K, committed 17792K, reserved 1048576K
Event: 61.114 GC heap after
Heap after GC invocations=71 (full 4):
 PSYoungGen      total 1304576K, used 54189K [0x000000076b000000, 0x00000007c0000000, 0x00000007c0000000)
  eden space 1250304K, 0% used [0x000000076b000000,0x000000076b000000,0x00000007b7500000)
  from space 54272K, 99% used [0x00000007b7500000,0x00000007ba9eb748,0x00000007baa00000)
  to   space 75264K, 0% used [0x00000007bb680000,0x00000007bb680000,0x00000007c0000000)
 ParOldGen       total 548352K, used 322556K [0x00000006c1000000, 0x00000006e2780000, 0x000000076b000000)
  object space 548352K, 58% used [0x00000006c1000000,0x00000006d4aff140,0x00000006e2780000)
 Metaspace       used 100643K, capacity 114464K, committed 114816K, reserved 1146880K
  class space    used 14442K, capacity 17691K, committed 17792K, reserved 1048576K
}
Event: 72.266 GC heap before
{Heap before GC invocations=72 (full 4):
 PSYoungGen      total 1304576K, used 1304493K [0x000000076b000000, 0x00000007c0000000, 0x00000007c0000000)
  eden space 1250304K, 100% used [0x000000076b000000,0x00000007b7500000,0x00000007b7500000)
  from space 54272K, 99% used [0x00000007b7500000,0x00000007ba9eb748,0x00000007baa00000)
  to   space 75264K, 0% used [0x00000007bb680000,0x00000007bb680000,0x00000007c0000000)
 ParOldGen       total 548352K, used 322556K [0x00000006c1000000, 0x00000006e2780000, 0x000000076b000000)
  object space 548352K, 58% used [0x00000006c1000000,0x00000006d4aff140,0x00000006e2780000)
 Metaspace       used 100775K, capacity 114618K, committed 114816K, reserved 1146880K
  class space    used 14448K, capacity 17700K, committed 17792K, reserved 1048576K
Event: 72.285 GC heap after
Heap after GC invocations=72 (full 4):
 PSYoungGen      total 1312256K, used 53565K [0x000000076b000000, 0x00000007c0000000, 0x00000007c0000000)
  eden space 1236992K, 0% used [0x000000076b000000,0x000000076b000000,0x00000007b6800000)
  from space 75264K, 71% used [0x00000007bb680000,0x00000007beacf598,0x00000007c0000000)
  to   space 77824K, 0% used [0x00000007b6800000,0x00000007b6800000,0x00000007bb400000)
 ParOldGen       total 548352K, used 322564K [0x00000006c1000000, 0x00000006e2780000, 0x000000076b000000)
  object space 548352K, 58% used [0x00000006c1000000,0x00000006d4b01140,0x00000006e2780000)
 Metaspace       used 100775K, capacity 114618K, committed 114816K, reserved 1146880K
  class space    used 14448K, capacity 17700K, committed 17792K, reserved 1048576K
}

